app/build/outputs/logs/manifest-merger-debug-report.txt
-- Merging decision tree log ---
manifest
ADDED from src\main\AndroidManifest.xml:2:1-31:12
INJECTED from src\main\AndroidManifest.xml:2:1-31:12
INJECTED from src\main\AndroidManifest.xml:2:1-31:12
INJECTED from src\main\AndroidManifest.xml:2:1-31:12
INJECTED from src\main\AndroidManifest.xml:2:1-31:12
INJECTED from src\main\AndroidManifest.xml:2:1-31:12
INJECTED from src\main\AndroidManifest.xml:2:1-31:12
	package
		ADDED from src\main\AndroidManifest.xml:4:2-27
		INJECTED from src\main\AndroidManifest.xml
		INJECTED from src\main\AndroidManifest.xml
	android:versionName
		INJECTED from src\main\AndroidManifest.xml
		ADDED from src\main\AndroidManifest.xml:2:1-31:12
		INJECTED from src\main\AndroidManifest.xml
	android:versionCode
		INJECTED from src\main\AndroidManifest.xml
		ADDED from src\main\AndroidManifest.xml:2:1-31:12
		INJECTED from src\main\AndroidManifest.xml
	xmlns:android
		ADDED from src\main\AndroidManifest.xml:3:2-60
uses-permission#android.permission.INTERNET
ADDED from src\main\AndroidManifest.xml:5:2-63
	android:name
		ADDED from src\main\AndroidManifest.xml:5:19-61
uses-permission#android.permission.ACCESS_NETWORK_STATE
ADDED from src\main\AndroidManifest.xml:6:2-75
	android:name
		ADDED from src\main\AndroidManifest.xml:6:19-73
application
ADDED from src\main\AndroidManifest.xml:7:2-30:16
	android:label
		ADDED from src\main\AndroidManifest.xml:9:3-29
	android:largeHeap
		ADDED from src\main\AndroidManifest.xml:11:3-27
	android:icon
		ADDED from src\main\AndroidManifest.xml:10:3-34
	android:allowBackup
		ADDED from src\main\AndroidManifest.xml:8:3-29
	android:theme
		ADDED from src\main\AndroidManifest.xml:13:3-34
	android:usesCleartextTraffic
		ADDED from src\main\AndroidManifest.xml:12:3-38
activity#rtoodisha.co.in.MainActivity
ADDED from src\main\AndroidManifest.xml:14:3-26:14
	android:screenOrientation
		ADDED from src\main\AndroidManifest.xml:20:4-41
	android:hardwareAccelerated
		ADDED from src\main\AndroidManifest.xml:17:4-38
	android:exported
		ADDED from src\main\AndroidManifest.xml:21:4-27
	android:supportsPictureInPicture
		ADDED from src\main\AndroidManifest.xml:18:4-43
	android:configChanges
		ADDED from src\main\AndroidManifest.xml:16:4-97
	android:theme
		ADDED from src\main\AndroidManifest.xml:19:4-37
	android:name
		ADDED from src\main\AndroidManifest.xml:15:4-32
intent-filter#action:name:android.intent.action.MAIN+category:name:android.intent.category.LAUNCHER
ADDED from src\main\AndroidManifest.xml:22:4-25:20
action#android.intent.action.MAIN
ADDED from src\main\AndroidManifest.xml:23:5-56
	android:name
		ADDED from src\main\AndroidManifest.xml:23:13-54
category#android.intent.category.LAUNCHER
ADDED from src\main\AndroidManifest.xml:24:5-64
	android:name
		ADDED from src\main\AndroidManifest.xml:24:15-62
uses-library#org.apache.http.legacy
ADDED from src\main\AndroidManifest.xml:27:3-29:30
	android:required
		ADDED from src\main\AndroidManifest.xml:29:4-28
	android:name
		ADDED from src\main\AndroidManifest.xml:28:4-41
uses-sdk
INJECTED from src\main\AndroidManifest.xml reason: use-sdk injection requested
INJECTED from src\main\AndroidManifest.xml
INJECTED from src\main\AndroidManifest.xml
INJECTED from src\main\AndroidManifest.xml
INJECTED from src\main\AndroidManifest.xml
	android:targetSdkVersion
		INJECTED from src\main\AndroidManifest.xml
		ADDED from src\main\AndroidManifest.xml
		INJECTED from src\main\AndroidManifest.xml
	android:minSdkVersion
		INJECTED from src\main\AndroidManifest.xml
		ADDED from src\main\AndroidManifest.xml
		INJECTED from src\main\AndroidManifest.xml